<?xml version="1.0" encoding="UTF-8"?>
<testsuite xmlns:xsi="http://www.w3.org/2001/XMLSchema-instance" xsi:noNamespaceSchemaLocation="https://maven.apache.org/surefire/maven-surefire-plugin/xsd/surefire-test-report.xsd" name="javabrains.MathUtillsTest" time="0.053" tests="14" errors="0" skipped="0" failures="0">
  <properties>
    <property name="java.specification.version" value="13"/>
    <property name="sun.cpu.isalist" value="amd64"/>
    <property name="sun.jnu.encoding" value="Cp1252"/>
    <property name="java.class.path" value="C:\Users\rashi\Desktop\Junit5-Basics-Maven\target\test-classes;C:\Users\rashi\Desktop\Junit5-Basics-Maven\target\classes;C:\Users\rashi\.m2\repository\org\junit\jupiter\junit-jupiter-engine\5.4.0\junit-jupiter-engine-5.4.0.jar;C:\Users\rashi\.m2\repository\org\apiguardian\apiguardian-api\1.0.0\apiguardian-api-1.0.0.jar;C:\Users\rashi\.m2\repository\org\junit\platform\junit-platform-engine\1.4.0\junit-platform-engine-1.4.0.jar;C:\Users\rashi\.m2\repository\org\junit\jupiter\junit-jupiter-api\5.4.0\junit-jupiter-api-5.4.0.jar;C:\Users\rashi\.m2\repository\org\opentest4j\opentest4j\1.1.1\opentest4j-1.1.1.jar;C:\Users\rashi\.m2\repository\org\junit\platform\junit-platform-commons\1.4.0\junit-platform-commons-1.4.0.jar;"/>
    <property name="java.vm.vendor" value="Oracle Corporation"/>
    <property name="sun.arch.data.model" value="64"/>
    <property name="user.variant" value=""/>
    <property name="java.vendor.url" value="https://java.oracle.com/"/>
    <property name="user.timezone" value="Europe/Stockholm"/>
    <property name="user.country.format" value="SE"/>
    <property name="os.name" value="Windows 10"/>
    <property name="java.vm.specification.version" value="13"/>
    <property name="sun.java.launcher" value="SUN_STANDARD"/>
    <property name="user.country" value="US"/>
    <property name="sun.boot.library.path" value="C:\Program Files\Java\jdk-13.0.2\bin"/>
    <property name="sun.java.command" value="C:\Users\rashi\AppData\Local\Temp\surefire1512120267931696140\surefirebooter8157988662670042995.jar C:\Users\rashi\AppData\Local\Temp\surefire1512120267931696140 2021-02-14T12-23-26_125-jvmRun1 surefire14368830731264639754tmp surefire_013603817854932506873tmp"/>
    <property name="jdk.debug" value="release"/>
    <property name="surefire.test.class.path" value="C:\Users\rashi\Desktop\Junit5-Basics-Maven\target\test-classes;C:\Users\rashi\Desktop\Junit5-Basics-Maven\target\classes;C:\Users\rashi\.m2\repository\org\junit\jupiter\junit-jupiter-engine\5.4.0\junit-jupiter-engine-5.4.0.jar;C:\Users\rashi\.m2\repository\org\apiguardian\apiguardian-api\1.0.0\apiguardian-api-1.0.0.jar;C:\Users\rashi\.m2\repository\org\junit\platform\junit-platform-engine\1.4.0\junit-platform-engine-1.4.0.jar;C:\Users\rashi\.m2\repository\org\junit\jupiter\junit-jupiter-api\5.4.0\junit-jupiter-api-5.4.0.jar;C:\Users\rashi\.m2\repository\org\opentest4j\opentest4j\1.1.1\opentest4j-1.1.1.jar;C:\Users\rashi\.m2\repository\org\junit\platform\junit-platform-commons\1.4.0\junit-platform-commons-1.4.0.jar;"/>
    <property name="sun.cpu.endian" value="little"/>
    <property name="user.home" value="C:\Users\rashi"/>
    <property name="user.language" value="en"/>
    <property name="java.specification.vendor" value="Oracle Corporation"/>
    <property name="java.version.date" value="2020-01-14"/>
    <property name="java.home" value="C:\Program Files\Java\jdk-13.0.2"/>
    <property name="file.separator" value="\"/>
    <property name="basedir" value="C:\Users\rashi\Desktop\Junit5-Basics-Maven"/>
    <property name="java.vm.compressedOopsMode" value="Zero based"/>
    <property name="line.separator" value="&#10;"/>
    <property name="java.vm.specification.vendor" value="Oracle Corporation"/>
    <property name="java.specification.name" value="Java Platform API Specification"/>
    <property name="surefire.real.class.path" value="C:\Users\rashi\AppData\Local\Temp\surefire1512120267931696140\surefirebooter8157988662670042995.jar"/>
    <property name="user.script" value=""/>
    <property name="sun.management.compiler" value="HotSpot 64-Bit Tiered Compilers"/>
    <property name="java.runtime.version" value="13.0.2+8"/>
    <property name="user.name" value="rashid"/>
    <property name="path.separator" value=";"/>
    <property name="os.version" value="10.0"/>
    <property name="java.runtime.name" value="Java(TM) SE Runtime Environment"/>
    <property name="file.encoding" value="Cp1252"/>
    <property name="java.vm.name" value="Java HotSpot(TM) 64-Bit Server VM"/>
    <property name="localRepository" value="C:\Users\rashi\.m2\repository"/>
    <property name="java.vendor.url.bug" value="https://bugreport.java.com/bugreport/"/>
    <property name="java.io.tmpdir" value="C:\Users\rashi\AppData\Local\Temp\"/>
    <property name="java.version" value="13.0.2"/>
    <property name="user.dir" value="C:\Users\rashi\Desktop\Junit5-Basics-Maven"/>
    <property name="os.arch" value="amd64"/>
    <property name="java.vm.specification.name" value="Java Virtual Machine Specification"/>
    <property name="user.language.format" value="sv"/>
    <property name="sun.os.patch.level" value=""/>
    <property name="idea.version2019.3.5" value="true"/>
    <property name="java.library.path" value="C:\Program Files\Java\jdk-13.0.2\bin;C:\WINDOWS\Sun\Java\bin;C:\WINDOWS\system32;C:\WINDOWS;C:\Program Files (x86)\Common Files\Oracle\Java\javapath;C:\PYTHON38\SCRIPTS\;C:\PYTHON38\;C:\PROGRAM FILES\AMAZON CORRETTO\JDK11.0.5_10\BIN;C:\WINDOWS\SYSTEM32;C:\WINDOWS;C:\WINDOWS\SYSTEM32\WBEM;C:\WINDOWS\SYSTEM32\WINDOWSPOWERSHELL\V1.0\;C:\WINDOWS\SYSTEM32\OPENSSH\;C:\CYGWIN64\BIN;C:\PROGRAM FILES\SOURCEGEAR\COMMON\DIFFMERGE\;C:\PROGRAMDATA\CHOCOLATEY\BIN;C:\PROGRAM FILES\GIT\CMD;C:\PROGRAM FILES\GIT\MINGW64\BIN;C:\PROGRAM FILES\GIT\USR\BIN;C:\PROGRAM FILES\DOTNET\;C:\Program Files\ASUS\Bluetooth Software\;C:\Program Files\ASUS\Bluetooth Software\syswow64;C:\WINDOWS\system32;C:\WINDOWS;C:\WINDOWS\System32\Wbem;C:\WINDOWS\System32\WindowsPowerShell\v1.0\;C:\WINDOWS\System32\OpenSSH\;C:\Program Files\nodejs\;C:\Program Files\Calibre2\;C:\Program Files\MavenJar\apache-maven-3.6.3\bin;C:\Users\rashi\AppData\Local\Programs\Python\Python39\Scripts\;C:\Users\rashi\AppData\Local\Programs\Python\Python39\;C:\Program Files\MySQL\MySQL Shell 8.0\bin\;C:\Program Files\Java\jdk-13.0.1\bin;C:\Users\rashi\AppData\Local\Programs\Microsoft VS Code\bin;C:\Users\rashi\.dotnet\tools;C:\Users\rashi\AppData\Local\Microsoft\WindowsApps;C:\Users\rashi\AppData\Roaming\npm;C:\Program Files\JetBrains\PyCharm Community Edition 2020.3.2\bin;;."/>
    <property name="java.vm.info" value="mixed mode, sharing"/>
    <property name="java.vendor" value="Oracle Corporation"/>
    <property name="java.vm.version" value="13.0.2+8"/>
    <property name="sun.io.unicode.encoding" value="UnicodeLittle"/>
    <property name="java.class.version" value="57.0"/>
  </properties>
  <testcase name="subtract" classname="javabrains.MathUtillsTest" time="0.009"/>
  <testcase name="testNegative2" classname="javabrains.MathUtillsTest" time="0"/>
  <testcase name="multiplyAssertAll" classname="javabrains.MathUtillsTest" time="0.004"/>
  <testcase name="add" classname="javabrains.MathUtillsTest" time="0"/>
  <testcase name="testdivideThrowException" classname="javabrains.MathUtillsTest" time="0.002"/>
  <testcase name="multiply[1]" classname="javabrains.MathUtillsTest" time="0.001"/>
  <testcase name="multiply[2]" classname="javabrains.MathUtillsTest" time="0.001"/>
  <testcase name="multiply[3]" classname="javabrains.MathUtillsTest" time="0"/>
  <testcase name="multiply[4]" classname="javabrains.MathUtillsTest" time="0.001"/>
  <testcase name="testComputeCircleRaduis" classname="javabrains.MathUtillsTest" time="0.002"/>
  <testcase name="testPositive" classname="javabrains.MathUtillsTest$Addtest" time="0"/>
  <testcase name="testPositive" classname="javabrains.MathUtillsTest$Addtest$AnotherTest" time="0.001"/>
  <testcase name="testNegative" classname="javabrains.MathUtillsTest$Addtest" time="0"/>
  <testcase name="testNegative" classname="javabrains.MathUtillsTest$Addtest$AnotherTest" time="0.001"/>
</testsuite>